<?xml version="1.0" encoding="UTF-8"?>
<testng-results ignored="0" total="1" passed="1" failed="0" skipped="0">
  <reporter-output>
  </reporter-output>
  <suite started-at="2023-12-01T16:41:09 IST" name="Suite" finished-at="2023-12-01T16:43:25 IST" duration-ms="135649">
    <groups>
      <group name="regression">
        <method signature="HOMEpagetest.abstractarea()[pri:1, instance:testcase.HOMEpagetest@158a8276]" name="abstractarea" class="testcase.HOMEpagetest"/>
      </group> <!-- regression -->
      <group name="smoke">
        <method signature="HOMEpagetest.abstractarea()[pri:1, instance:testcase.HOMEpagetest@158a8276]" name="abstractarea" class="testcase.HOMEpagetest"/>
      </group> <!-- smoke -->
      <group name="sanity">
        <method signature="HOMEpagetest.abstractarea()[pri:1, instance:testcase.HOMEpagetest@158a8276]" name="abstractarea" class="testcase.HOMEpagetest"/>
      </group> <!-- sanity -->
    </groups>
    <test started-at="2023-12-01T16:41:09 IST" name="Test" finished-at="2023-12-01T16:43:25 IST" duration-ms="135649">
      <class name="testcase.HOMEpagetest">
        <test-method is-config="true" signature="launchbrowser1()[pri:0, instance:testcase.HOMEpagetest@158a8276]" started-at="2023-12-01T16:41:08 IST" name="launchbrowser1" finished-at="2023-12-01T16:41:09 IST" duration-ms="706" status="PASS">
          <reporter-output>
          </reporter-output>
        </test-method> <!-- launchbrowser1 -->
        <test-method is-config="true" signature="main()[pri:0, instance:testcase.HOMEpagetest@158a8276]" started-at="2023-12-01T16:41:09 IST" name="main" finished-at="2023-12-01T16:41:09 IST" duration-ms="5" status="PASS">
          <reporter-output>
          </reporter-output>
        </test-method> <!-- main -->
        <test-method is-config="true" signature="setup(java.lang.String)[pri:0, instance:testcase.HOMEpagetest@158a8276]" started-at="2023-12-01T16:41:09 IST" name="setup" finished-at="2023-12-01T16:41:26 IST" duration-ms="17117" status="PASS">
          <params>
            <param index="0">
              <value>
                <![CDATA[chrome]]>
              </value>
            </param>
          </params>
          <reporter-output>
          </reporter-output>
        </test-method> <!-- setup -->
        <test-method signature="abstractarea()[pri:1, instance:testcase.HOMEpagetest@158a8276]" started-at="2023-12-01T16:41:26 IST" name="abstractarea" finished-at="2023-12-01T16:43:21 IST" duration-ms="114467" status="PASS">
          <reporter-output>
          </reporter-output>
        </test-method> <!-- abstractarea -->
        <test-method is-config="true" signature="teardown()[pri:0, instance:testcase.HOMEpagetest@158a8276]" started-at="2023-12-01T16:43:21 IST" name="teardown" finished-at="2023-12-01T16:43:25 IST" duration-ms="4005" status="PASS">
          <reporter-output>
          </reporter-output>
        </test-method> <!-- teardown -->
        <test-method is-config="true" signature="aftersuite()[pri:0, instance:testcase.HOMEpagetest@158a8276]" started-at="2023-12-01T16:43:25 IST" name="aftersuite" finished-at="2023-12-01T16:43:25 IST" duration-ms="547" status="PASS">
          <reporter-output>
          </reporter-output>
        </test-method> <!-- aftersuite -->
      </class> <!-- testcase.HOMEpagetest -->
    </test> <!-- Test -->
  </suite> <!-- Suite -->
</testng-results>
