<?xml version="1.0" encoding="UTF-8"?>
<testng-results ignored="0" total="3" passed="3" failed="0" skipped="0">
  <reporter-output>
  </reporter-output>
  <suite started-at="2023-09-29T15:55:20 IST" name="Suite" finished-at="2023-09-29T15:59:07 IST" duration-ms="227365">
    <groups>
      <group name="regression">
        <method signature="RIGHTSIDE_test.authorqueries()[pri:0, instance:testcase.RIGHTSIDE_test@bccb269]" name="authorqueries" class="testcase.RIGHTSIDE_test"/>
        <method signature="RIGHTSIDE_test.edithistory()[pri:1, instance:testcase.RIGHTSIDE_test@bccb269]" name="edithistory" class="testcase.RIGHTSIDE_test"/>
        <method signature="RIGHTSIDE_test.comments()[pri:2, instance:testcase.RIGHTSIDE_test@bccb269]" name="comments" class="testcase.RIGHTSIDE_test"/>
      </group> <!-- regression -->
      <group name="smoke">
        <method signature="RIGHTSIDE_test.authorqueries()[pri:0, instance:testcase.RIGHTSIDE_test@bccb269]" name="authorqueries" class="testcase.RIGHTSIDE_test"/>
        <method signature="RIGHTSIDE_test.edithistory()[pri:1, instance:testcase.RIGHTSIDE_test@bccb269]" name="edithistory" class="testcase.RIGHTSIDE_test"/>
        <method signature="RIGHTSIDE_test.comments()[pri:2, instance:testcase.RIGHTSIDE_test@bccb269]" name="comments" class="testcase.RIGHTSIDE_test"/>
      </group> <!-- smoke -->
      <group name="sanity">
        <method signature="RIGHTSIDE_test.authorqueries()[pri:0, instance:testcase.RIGHTSIDE_test@bccb269]" name="authorqueries" class="testcase.RIGHTSIDE_test"/>
        <method signature="RIGHTSIDE_test.edithistory()[pri:1, instance:testcase.RIGHTSIDE_test@bccb269]" name="edithistory" class="testcase.RIGHTSIDE_test"/>
        <method signature="RIGHTSIDE_test.comments()[pri:2, instance:testcase.RIGHTSIDE_test@bccb269]" name="comments" class="testcase.RIGHTSIDE_test"/>
      </group> <!-- sanity -->
    </groups>
    <test started-at="2023-09-29T15:55:20 IST" name="Test" finished-at="2023-09-29T15:59:07 IST" duration-ms="227365">
      <class name="testcase.RIGHTSIDE_test">
        <test-method is-config="true" signature="launchbrowser1()[pri:0, instance:testcase.RIGHTSIDE_test@bccb269]" started-at="2023-09-29T15:55:19 IST" name="launchbrowser1" finished-at="2023-09-29T15:55:20 IST" duration-ms="503" status="PASS">
          <reporter-output>
          </reporter-output>
        </test-method> <!-- launchbrowser1 -->
        <test-method is-config="true" signature="main()[pri:0, instance:testcase.RIGHTSIDE_test@bccb269]" started-at="2023-09-29T15:55:20 IST" name="main" finished-at="2023-09-29T15:55:20 IST" duration-ms="5" status="PASS">
          <reporter-output>
          </reporter-output>
        </test-method> <!-- main -->
        <test-method is-config="true" signature="setup(java.lang.String)[pri:0, instance:testcase.RIGHTSIDE_test@bccb269]" started-at="2023-09-29T15:55:20 IST" name="setup" finished-at="2023-09-29T15:55:37 IST" duration-ms="17646" status="PASS">
          <params>
            <param index="0">
              <value>
                <![CDATA[chrome]]>
              </value>
            </param>
          </params>
          <reporter-output>
          </reporter-output>
        </test-method> <!-- setup -->
        <test-method signature="authorqueries()[pri:0, instance:testcase.RIGHTSIDE_test@bccb269]" started-at="2023-09-29T15:55:37 IST" name="authorqueries" finished-at="2023-09-29T15:57:38 IST" duration-ms="120246" status="PASS">
          <reporter-output>
          </reporter-output>
        </test-method> <!-- authorqueries -->
        <test-method is-config="true" signature="teardown()[pri:0, instance:testcase.RIGHTSIDE_test@bccb269]" started-at="2023-09-29T15:57:38 IST" name="teardown" finished-at="2023-09-29T15:57:38 IST" duration-ms="450" status="PASS">
          <reporter-output>
          </reporter-output>
        </test-method> <!-- teardown -->
        <test-method is-config="true" signature="setup(java.lang.String)[pri:0, instance:testcase.RIGHTSIDE_test@bccb269]" started-at="2023-09-29T15:57:38 IST" name="setup" finished-at="2023-09-29T15:57:54 IST" duration-ms="15728" status="PASS">
          <params>
            <param index="0">
              <value>
                <![CDATA[chrome]]>
              </value>
            </param>
          </params>
          <reporter-output>
          </reporter-output>
        </test-method> <!-- setup -->
        <test-method signature="edithistory()[pri:1, instance:testcase.RIGHTSIDE_test@bccb269]" started-at="2023-09-29T15:57:54 IST" name="edithistory" finished-at="2023-09-29T15:58:20 IST" duration-ms="26615" status="PASS">
          <reporter-output>
          </reporter-output>
        </test-method> <!-- edithistory -->
        <test-method is-config="true" signature="teardown()[pri:0, instance:testcase.RIGHTSIDE_test@bccb269]" started-at="2023-09-29T15:58:20 IST" name="teardown" finished-at="2023-09-29T15:58:21 IST" duration-ms="437" status="PASS">
          <reporter-output>
          </reporter-output>
        </test-method> <!-- teardown -->
        <test-method is-config="true" signature="setup(java.lang.String)[pri:0, instance:testcase.RIGHTSIDE_test@bccb269]" started-at="2023-09-29T15:58:21 IST" name="setup" finished-at="2023-09-29T15:58:36 IST" duration-ms="15441" status="PASS">
          <params>
            <param index="0">
              <value>
                <![CDATA[chrome]]>
              </value>
            </param>
          </params>
          <reporter-output>
          </reporter-output>
        </test-method> <!-- setup -->
        <test-method signature="comments()[pri:2, instance:testcase.RIGHTSIDE_test@bccb269]" started-at="2023-09-29T15:58:36 IST" name="comments" finished-at="2023-09-29T15:59:07 IST" duration-ms="30225" status="PASS">
          <reporter-output>
          </reporter-output>
        </test-method> <!-- comments -->
        <test-method is-config="true" signature="teardown()[pri:0, instance:testcase.RIGHTSIDE_test@bccb269]" started-at="2023-09-29T15:59:07 IST" name="teardown" finished-at="2023-09-29T15:59:07 IST" duration-ms="512" status="PASS">
          <reporter-output>
          </reporter-output>
        </test-method> <!-- teardown -->
        <test-method is-config="true" signature="aftersuite()[pri:0, instance:testcase.RIGHTSIDE_test@bccb269]" started-at="2023-09-29T15:59:07 IST" name="aftersuite" finished-at="2023-09-29T15:59:08 IST" duration-ms="570" status="PASS">
          <reporter-output>
          </reporter-output>
        </test-method> <!-- aftersuite -->
      </class> <!-- testcase.RIGHTSIDE_test -->
    </test> <!-- Test -->
  </suite> <!-- Suite -->
</testng-results>
